[2025-10-31T01:19:07.779Z] Process started
[2025-10-31T01:19:07.791Z] === BATCH REGISTRATION STARTED ===
[2025-10-31T01:19:07.791Z] Configuration: TARGET=https://www.antrigrahadipta.com, CONCURRENCY=2, MAX_ATTEMPTS=18
[2025-10-31T01:19:07.797Z] Loaded 1 records
[2025-10-31T01:19:07.797Z] Processing batch 1 (1 items)
[2025-10-31T01:19:07.798Z] Row 1: attempt 1/18
[2025-10-31T01:19:07.883Z] Anti-bot stealth mode applied
[2025-10-31T01:19:07.883Z] Row 1 attempt 1: navigating to https://www.antrigrahadipta.com
[2025-10-31T01:19:07.890Z] Attempt 1 exception: page.goto: net::ERR_PROXY_CONNECTION_FAILED at https://www.antrigrahadipta.com/
Call log:
[2m  - navigating to "https://www.antrigrahadipta.com/", waiting until "networkidle"[22m

[2025-10-31T01:19:07.912Z] Row 1: status=exception, msg=page.goto: net::ERR_PROXY_CONNECTION_FAILED at https://www.antrigrahadipta.com/
Call log:
[2m  - navigating to "https://www.antrigrahadipta.com/", wa
[2025-10-31T01:19:07.912Z] Row 1: waiting 2859ms before retry
[2025-10-31T01:19:10.774Z] Row 1: attempt 2/18
[2025-10-31T01:19:10.853Z] Anti-bot stealth mode applied
[2025-10-31T01:19:10.853Z] Row 1 attempt 2: navigating to https://www.antrigrahadipta.com
[2025-10-31T01:19:10.856Z] Attempt 2 exception: page.goto: net::ERR_PROXY_CONNECTION_FAILED at https://www.antrigrahadipta.com/
Call log:
[2m  - navigating to "https://www.antrigrahadipta.com/", waiting until "networkidle"[22m

[2025-10-31T01:19:10.872Z] Row 1: status=exception, msg=page.goto: net::ERR_PROXY_CONNECTION_FAILED at https://www.antrigrahadipta.com/
Call log:
[2m  - navigating to "https://www.antrigrahadipta.com/", wa
[2025-10-31T01:19:10.872Z] Row 1: waiting 3515ms before retry
[2025-10-31T01:19:14.391Z] Row 1: attempt 3/18
[2025-10-31T01:19:14.469Z] Anti-bot stealth mode applied
[2025-10-31T01:19:14.470Z] Row 1 attempt 3: navigating to https://www.antrigrahadipta.com
[2025-10-31T01:19:14.473Z] Attempt 3 exception: page.goto: net::ERR_PROXY_CONNECTION_FAILED at https://www.antrigrahadipta.com/
Call log:
[2m  - navigating to "https://www.antrigrahadipta.com/", waiting until "networkidle"[22m

[2025-10-31T01:19:14.487Z] Row 1: status=exception, msg=page.goto: net::ERR_PROXY_CONNECTION_FAILED at https://www.antrigrahadipta.com/
Call log:
[2m  - navigating to "https://www.antrigrahadipta.com/", wa
[2025-10-31T01:19:14.487Z] Row 1: waiting 6235ms before retry
[2025-10-31T01:19:20.725Z] Row 1: attempt 4/18
[2025-10-31T01:19:20.809Z] Anti-bot stealth mode applied
[2025-10-31T01:19:20.809Z] Row 1 attempt 4: navigating to https://www.antrigrahadipta.com
[2025-10-31T01:19:20.813Z] Attempt 4 exception: page.goto: net::ERR_PROXY_CONNECTION_FAILED at https://www.antrigrahadipta.com/
Call log:
[2m  - navigating to "https://www.antrigrahadipta.com/", waiting until "networkidle"[22m

[2025-10-31T01:19:20.830Z] Row 1: status=exception, msg=page.goto: net::ERR_PROXY_CONNECTION_FAILED at https://www.antrigrahadipta.com/
Call log:
[2m  - navigating to "https://www.antrigrahadipta.com/", wa
[2025-10-31T01:19:20.830Z] Row 1: waiting 10303ms before retry
[2025-10-31T01:19:31.143Z] Row 1: attempt 5/18
[2025-10-31T01:19:31.222Z] Anti-bot stealth mode applied
[2025-10-31T01:19:31.223Z] Row 1 attempt 5: navigating to https://www.antrigrahadipta.com
[2025-10-31T01:19:31.226Z] Attempt 5 exception: page.goto: net::ERR_PROXY_CONNECTION_FAILED at https://www.antrigrahadipta.com/
Call log:
[2m  - navigating to "https://www.antrigrahadipta.com/", waiting until "networkidle"[22m

[2025-10-31T01:19:31.241Z] Row 1: status=exception, msg=page.goto: net::ERR_PROXY_CONNECTION_FAILED at https://www.antrigrahadipta.com/
Call log:
[2m  - navigating to "https://www.antrigrahadipta.com/", wa
[2025-10-31T01:19:31.241Z] Row 1: waiting 16124ms before retry
[2025-10-31T01:19:47.376Z] Row 1: attempt 6/18
[2025-10-31T01:19:47.454Z] Anti-bot stealth mode applied
[2025-10-31T01:19:47.455Z] Row 1 attempt 6: navigating to https://www.antrigrahadipta.com
[2025-10-31T01:19:47.458Z] Attempt 6 exception: page.goto: net::ERR_PROXY_CONNECTION_FAILED at https://www.antrigrahadipta.com/
Call log:
[2m  - navigating to "https://www.antrigrahadipta.com/", waiting until "networkidle"[22m

[2025-10-31T01:19:47.473Z] Row 1: status=exception, msg=page.goto: net::ERR_PROXY_CONNECTION_FAILED at https://www.antrigrahadipta.com/
Call log:
[2m  - navigating to "https://www.antrigrahadipta.com/", wa
[2025-10-31T01:19:47.473Z] Row 1: waiting 29161ms before retry
[2025-10-31T01:20:16.663Z] Row 1: attempt 7/18
[2025-10-31T01:20:16.741Z] Anti-bot stealth mode applied
[2025-10-31T01:20:16.741Z] Row 1 attempt 7: navigating to https://www.antrigrahadipta.com
[2025-10-31T01:20:16.744Z] Attempt 7 exception: page.goto: net::ERR_PROXY_CONNECTION_FAILED at https://www.antrigrahadipta.com/
Call log:
[2m  - navigating to "https://www.antrigrahadipta.com/", waiting until "networkidle"[22m

[2025-10-31T01:20:16.759Z] Row 1: status=exception, msg=page.goto: net::ERR_PROXY_CONNECTION_FAILED at https://www.antrigrahadipta.com/
Call log:
[2m  - navigating to "https://www.antrigrahadipta.com/", wa
[2025-10-31T01:20:16.759Z] Row 1: waiting 36183ms before retry
