[2025-11-06 08:06:42] ℹ️  INFO: Cek file CSV: batch_data.csv
[2025-11-06 08:06:42] ℹ️  INFO: Ditemukan 2 baris data.
[2025-11-06 08:06:42] ℹ️  INFO: File batch_data.csv valid dengan 2 baris data.
[2025-11-06 08:06:42] ℹ️  INFO: 🕒 Mode: Scheduled Execution
[2025-11-06 08:06:42] ℹ️  INFO: 🕒 Batch dijadwalkan pukul 15:00:00
[2025-11-06 08:07:38] ℹ️  INFO: Cek file CSV: batch_data.csv
[2025-11-06 08:07:38] ℹ️  INFO: Ditemukan 2 baris data.
[2025-11-06 08:07:38] ℹ️  INFO: File batch_data.csv valid dengan 2 baris data.
[2025-11-06 08:07:38] ℹ️  INFO: 🕒 Mode: Scheduled Execution
[2025-11-06 08:07:38] ℹ️  INFO: 🕒 Batch dijadwalkan pukul 07:29:00
[2025-11-06 22:24:37] ℹ️  INFO: Cek file CSV: batch_data.csv
[2025-11-06 22:24:37] ℹ️  INFO: Ditemukan 2 baris data.
[2025-11-06 22:24:37] ℹ️  INFO: File batch_data.csv valid dengan 2 baris data.
[2025-11-06 22:24:37] ℹ️  INFO: 🕒 Mode: Scheduled Execution
[2025-11-06 22:24:37] ℹ️  INFO: 🕒 Batch dijadwalkan pukul 15:00:00
[2025-11-06 22:24:53] ℹ️  INFO: Cek file CSV: batch_data.csv
[2025-11-06 22:24:53] ℹ️  INFO: Ditemukan 2 baris data.
[2025-11-06 22:24:53] ℹ️  INFO: File batch_data.csv valid dengan 2 baris data.
[2025-11-06 22:24:53] ℹ️  INFO: 🕒 Mode: Scheduled Execution
[2025-11-06 22:24:53] ℹ️  INFO: 🕒 Batch dijadwalkan pukul 07:29:00
[2025-11-06 22:30:53] ℹ️  INFO: Cek file CSV: batch_data.csv
[2025-11-06 22:30:53] ℹ️  INFO: Ditemukan 2 baris data.
[2025-11-06 22:30:53] ℹ️  INFO: File batch_data.csv valid dengan 2 baris data.
[2025-11-06 22:30:53] ℹ️  INFO: 🕒 Mode: Scheduled Execution
[2025-11-06 22:30:53] ℹ️  INFO: 🕒 Batch dijadwalkan pukul 07:29:00
[2025-11-06 22:34:53] ℹ️  INFO: Cek file CSV: batch_data.csv
[2025-11-06 22:34:53] ℹ️  INFO: Ditemukan 2 baris data.
[2025-11-06 22:34:53] ℹ️  INFO: File batch_data.csv valid dengan 2 baris data.
[2025-11-06 22:34:53] ℹ️  INFO: 🕒 Mode: Scheduled Execution 
[2025-11-06 22:34:53] ℹ️  INFO: 🕒 Batch dijadwalkan pukul 07:30:00
[2025-11-06 22:35:14] ℹ️  INFO: Cek file CSV: batch_data.csv
[2025-11-06 22:35:14] ℹ️  INFO: Ditemukan 2 baris data.
[2025-11-06 22:35:14] ℹ️  INFO: File batch_data.csv valid dengan 2 baris data.
[2025-11-06 22:35:14] ℹ️  INFO: 🕒 Mode: Scheduled Execution 
[2025-11-06 22:35:14] ℹ️  INFO: 🕒 Batch dijadwalkan pukul 07:30:00
[2025-11-06 22:37:56] ℹ️  INFO: Cek file CSV: batch_data.csv
[2025-11-06 22:37:56] ℹ️  INFO: Ditemukan 2 baris data.
[2025-11-06 22:37:56] ℹ️  INFO: File batch_data.csv valid dengan 2 baris data.
[2025-11-06 22:37:56] ℹ️  INFO: 🕒 Mode: Scheduled Execution 
[2025-11-06 22:37:56] ℹ️  INFO: 🕒 Batch dijadwalkan pukul 07:30:00
[2025-11-06 22:38:22] ℹ️  INFO: Cek file CSV: batch_data.csv
[2025-11-06 22:38:22] ℹ️  INFO: Ditemukan 2 baris data.
[2025-11-06 22:38:22] ℹ️  INFO: File batch_data.csv valid dengan 2 baris data.
[2025-11-06 22:38:22] ℹ️  INFO: 🕒 Mode: Scheduled Execution 
[2025-11-06 22:38:22] ℹ️  INFO: 🕒 Batch dijadwalkan pukul 07:30:00
[2025-11-06 22:39:12] ℹ️  INFO: Cek file CSV: batch_data.csv
[2025-11-06 22:39:12] ℹ️  INFO: Ditemukan 2 baris data.
[2025-11-06 22:39:12] ℹ️  INFO: File batch_data.csv valid dengan 2 baris data.
[2025-11-06 22:39:12] ℹ️  INFO: Server URL: https://antrisimatupang.com
[2025-11-06 22:39:12] ℹ️  INFO: 🕒 Mode: Scheduled Execution 
[2025-11-06 22:39:12] ℹ️  INFO: 🕒 Batch dijadwalkan pukul 07:30:00
[2025-11-06 22:39:45] ℹ️  INFO: Cek file CSV: batch_data.csv
[2025-11-06 22:39:45] ℹ️  INFO: Ditemukan 2 baris data.
[2025-11-06 22:39:45] ℹ️  INFO: File batch_data.csv valid dengan 2 baris data.
[2025-11-06 22:39:45] ℹ️  INFO: Server URL: https://antrisimatupang.com
[2025-11-06 22:39:45] ℹ️  INFO: 🕒 Mode: Scheduled Execution 
[2025-11-06 22:39:45] ℹ️  INFO: 🕒 Batch dijadwalkan pukul 07:30:00
[2025-11-07 06:57:55] ℹ️  INFO: Cek file CSV: batch_data.csv
[2025-11-07 06:57:55] ℹ️  INFO: Ditemukan 2 baris data.
[2025-11-07 06:57:55] ℹ️  INFO: File batch_data.csv valid dengan 2 baris data.
[2025-11-07 06:57:55] ℹ️  INFO: Server URL: https://antrisimatupang.com
[2025-11-07 06:57:55] ℹ️  INFO: 🕒 Mode: Scheduled Execution 
[2025-11-07 06:57:55] ℹ️  INFO: 🕒 Batch dijadwalkan pukul 07:30:00
[2025-11-07 06:58:11] ℹ️  INFO: Cek file CSV: batch_data.csv
[2025-11-07 06:58:11] ℹ️  INFO: Ditemukan 2 baris data.
[2025-11-07 06:58:11] ℹ️  INFO: File batch_data.csv valid dengan 2 baris data.
[2025-11-07 06:58:11] ℹ️  INFO: Server URL: https://antrisimatupang.com
[2025-11-07 06:58:11] ℹ️  INFO: 🕒 Mode: Scheduled Execution 
[2025-11-07 06:58:11] ℹ️  INFO: 🕒 Batch dijadwalkan pukul 07:30:00
[2025-11-07 06:58:41] ℹ️  INFO: Cek file CSV: batch_data.csv
[2025-11-07 06:58:41] ℹ️  INFO: Ditemukan 2 baris data.
[2025-11-07 06:58:41] ℹ️  INFO: File batch_data.csv valid dengan 2 baris data.
[2025-11-07 06:58:41] ℹ️  INFO: Server URL: https://antrisimatupang.com
[2025-11-07 06:58:41] ℹ️  INFO: 🕒 Mode: Scheduled Execution 
[2025-11-07 06:58:41] ℹ️  INFO: 🕒 Batch dijadwalkan pukul 07:30:00
[2025-11-07 06:59:06] ℹ️  INFO: Cek file CSV: batch_data.csv
[2025-11-07 06:59:06] ℹ️  INFO: Ditemukan 2 baris data.
[2025-11-07 06:59:06] ℹ️  INFO: File batch_data.csv valid dengan 2 baris data.
[2025-11-07 06:59:06] ℹ️  INFO: Server URL: https://antrisimatupang.com
[2025-11-07 06:59:06] ℹ️  INFO: 🕒 Mode: Scheduled Execution 
[2025-11-07 06:59:06] ℹ️  INFO: 🕒 Batch dijadwalkan pukul 07:30:00
[2025-11-07 06:59:40] ℹ️  INFO: Cek file CSV: batch_data.csv
[2025-11-07 06:59:40] ℹ️  INFO: Ditemukan 2 baris data.
[2025-11-07 06:59:40] ℹ️  INFO: File batch_data.csv valid dengan 2 baris data.
[2025-11-07 06:59:40] ℹ️  INFO: Server URL: https://antrisimatupang.com
[2025-11-07 06:59:40] ℹ️  INFO: 🕒 Mode: Scheduled Execution 
[2025-11-07 06:59:40] ℹ️  INFO: 🕒 Batch dijadwalkan pukul 07:30:00
[2025-11-07 07:00:41] ℹ️  INFO: Cek file CSV: batch_data.csv
[2025-11-07 07:00:41] ℹ️  INFO: Ditemukan 2 baris data.
[2025-11-07 07:00:41] ℹ️  INFO: File batch_data.csv valid dengan 2 baris data.
[2025-11-07 07:00:41] ℹ️  INFO: Server URL: https://antrijktpr6.com/
[2025-11-07 07:00:41] ℹ️  INFO: 🕒 Mode: Scheduled Execution 
[2025-11-07 07:00:41] ℹ️  INFO: 🕒 Batch dijadwalkan pukul 07:30:00
[2025-11-07 07:02:20] ℹ️  INFO: Cek file CSV: batch_data.csv
[2025-11-07 07:02:20] ℹ️  INFO: Ditemukan 2 baris data.
[2025-11-07 07:02:20] ℹ️  INFO: File batch_data.csv valid dengan 2 baris data.
[2025-11-07 07:02:20] ℹ️  INFO: Server URL: https://antrijktpr6.com
[2025-11-07 07:02:20] ℹ️  INFO: 🕒 Mode: Scheduled Execution 
[2025-11-07 07:02:20] ℹ️  INFO: 🕒 Batch dijadwalkan pukul 07:30:00
[2025-11-07 07:29:59] ℹ️  INFO: ═══════════════════════════════════════════════════════════
[2025-11-07 07:29:59] ℹ️  INFO: 🚀 Mulai batch untuk https://antrijktpr6.com
[2025-11-07 07:29:59] ℹ️  INFO: 📁 CSV File: batch_data.csv
[2025-11-07 07:29:59] ℹ️  INFO: 🤖 reCAPTCHA: ENABLED
[2025-11-07 07:30:07] ⚠️  WARN: Server masih down, ulangi cek dalam 5 detik...
[2025-11-07 07:30:21] ⚠️  WARN: Server masih down, ulangi cek dalam 5 detik...
[2025-11-07 07:30:35] ⚠️  WARN: Server masih down, ulangi cek dalam 5 detik...
[2025-11-07 07:30:48] ⚠️  WARN: Server masih down, ulangi cek dalam 5 detik...
[2025-11-07 07:31:02] ⚠️  WARN: Server masih down, ulangi cek dalam 5 detik...
[2025-11-07 07:31:15] ⚠️  WARN: Server masih down, ulangi cek dalam 5 detik...
[2025-11-07 07:31:30] ⚠️  WARN: Server masih down, ulangi cek dalam 5 detik...
[2025-11-07 07:31:44] ⚠️  WARN: Server masih down, ulangi cek dalam 5 detik...
[2025-11-07 07:31:59] ⚠️  WARN: Server masih down, ulangi cek dalam 5 detik...
[2025-11-07 07:32:12] ⚠️  WARN: Server masih down, ulangi cek dalam 5 detik...
[2025-11-07 07:32:26] ⚠️  WARN: Server masih down, ulangi cek dalam 5 detik...
[2025-11-07 07:32:41] ⚠️  WARN: Server masih down, ulangi cek dalam 5 detik...
[2025-11-07 07:32:54] ⚠️  WARN: Server masih down, ulangi cek dalam 5 detik...
[2025-11-07 07:33:09] ⚠️  WARN: Server masih down, ulangi cek dalam 5 detik...
[2025-11-07 07:33:22] ⚠️  WARN: Server masih down, ulangi cek dalam 5 detik...
[2025-11-07 07:33:36] ⚠️  WARN: Server masih down, ulangi cek dalam 5 detik...
[2025-11-07 07:33:51] ⚠️  WARN: Server masih down, ulangi cek dalam 5 detik...
[2025-11-07 07:34:05] ⚠️  WARN: Server masih down, ulangi cek dalam 5 detik...
[2025-11-07 07:34:19] ⚠️  WARN: Server masih down, ulangi cek dalam 5 detik...
[2025-11-07 07:34:34] ⚠️  WARN: Server masih down, ulangi cek dalam 5 detik...
[2025-11-07 07:34:47] ⚠️  WARN: Server masih down, ulangi cek dalam 5 detik...
[2025-11-07 07:35:01] ⚠️  WARN: Server masih down, ulangi cek dalam 5 detik...
[2025-11-07 07:35:15] ⚠️  WARN: Server masih down, ulangi cek dalam 5 detik...
[2025-11-07 07:35:29] ⚠️  WARN: Server masih down, ulangi cek dalam 5 detik...
[2025-11-07 07:35:43] ⚠️  WARN: Server masih down, ulangi cek dalam 5 detik...
[2025-11-07 07:35:57] ⚠️  WARN: Server masih down, ulangi cek dalam 5 detik...
[2025-11-07 07:36:10] ⚠️  WARN: Server masih down, ulangi cek dalam 5 detik...
[2025-11-07 07:36:25] ⚠️  WARN: Server masih down, ulangi cek dalam 5 detik...
[2025-11-07 07:36:40] ⚠️  WARN: Server masih down, ulangi cek dalam 5 detik...
[2025-11-07 07:36:54] ⚠️  WARN: Server masih down, ulangi cek dalam 5 detik...
[2025-11-07 07:37:08] ⚠️  WARN: Server masih down, ulangi cek dalam 5 detik...
[2025-11-07 07:37:23] ⚠️  WARN: Server masih down, ulangi cek dalam 5 detik...
[2025-11-07 07:37:37] ⚠️  WARN: Server masih down, ulangi cek dalam 5 detik...
[2025-11-07 07:37:52] ⚠️  WARN: Server masih down, ulangi cek dalam 5 detik...
[2025-11-07 07:38:06] ⚠️  WARN: Server masih down, ulangi cek dalam 5 detik...
[2025-11-07 07:38:21] ⚠️  WARN: Server masih down, ulangi cek dalam 5 detik...
[2025-11-07 07:38:34] ⚠️  WARN: Server masih down, ulangi cek dalam 5 detik...
[2025-11-07 07:38:49] ⚠️  WARN: Server masih down, ulangi cek dalam 5 detik...
[2025-11-07 07:39:03] ⚠️  WARN: Server masih down, ulangi cek dalam 5 detik...
[2025-11-07 07:39:18] ⚠️  WARN: Server masih down, ulangi cek dalam 5 detik...
[2025-11-07 07:39:33] ⚠️  WARN: Server masih down, ulangi cek dalam 5 detik...
[2025-11-07 07:39:46] ⚠️  WARN: Server masih down, ulangi cek dalam 5 detik...
[2025-11-07 07:40:01] ⚠️  WARN: Server masih down, ulangi cek dalam 5 detik...
[2025-11-07 07:40:15] ⚠️  WARN: Server masih down, ulangi cek dalam 5 detik...
[2025-11-07 07:40:29] ⚠️  WARN: Server masih down, ulangi cek dalam 5 detik...
[2025-11-07 07:40:43] ⚠️  WARN: Server masih down, ulangi cek dalam 5 detik...
[2025-11-07 07:40:56] ⚠️  WARN: Server masih down, ulangi cek dalam 5 detik...
[2025-11-07 07:41:10] ⚠️  WARN: Server masih down, ulangi cek dalam 5 detik...
[2025-11-07 07:41:25] ⚠️  WARN: Server masih down, ulangi cek dalam 5 detik...
[2025-11-07 07:41:39] ⚠️  WARN: Server masih down, ulangi cek dalam 5 detik...
[2025-11-07 07:41:52] ⚠️  WARN: Server masih down, ulangi cek dalam 5 detik...
[2025-11-07 07:42:06] ⚠️  WARN: Server masih down, ulangi cek dalam 5 detik...
[2025-11-07 07:42:19] ⚠️  WARN: Server masih down, ulangi cek dalam 5 detik...
[2025-11-07 07:42:33] ⚠️  WARN: Server masih down, ulangi cek dalam 5 detik...
[2025-11-07 07:42:47] ⚠️  WARN: Server masih down, ulangi cek dalam 5 detik...
[2025-11-07 07:43:01] ⚠️  WARN: Server masih down, ulangi cek dalam 5 detik...
[2025-11-07 07:43:14] ⚠️  WARN: Server masih down, ulangi cek dalam 5 detik...
[2025-11-07 07:43:29] ⚠️  WARN: Server masih down, ulangi cek dalam 5 detik...
[2025-11-07 07:43:44] ⚠️  WARN: Server masih down, ulangi cek dalam 5 detik...
[2025-11-07 07:43:59] ⚠️  WARN: Server masih down, ulangi cek dalam 5 detik...
[2025-11-07 07:44:13] ⚠️  WARN: Server masih down, ulangi cek dalam 5 detik...
[2025-11-07 07:44:27] ⚠️  WARN: Server masih down, ulangi cek dalam 5 detik...
[2025-11-07 07:44:41] ⚠️  WARN: Server masih down, ulangi cek dalam 5 detik...
[2025-11-07 07:44:56] ⚠️  WARN: Server masih down, ulangi cek dalam 5 detik...
[2025-11-07 07:45:10] ⚠️  WARN: Server masih down, ulangi cek dalam 5 detik...
[2025-11-07 07:45:24] ⚠️  WARN: Server masih down, ulangi cek dalam 5 detik...
[2025-11-07 07:45:38] ⚠️  WARN: Server masih down, ulangi cek dalam 5 detik...
[2025-11-07 07:45:52] ⚠️  WARN: Server masih down, ulangi cek dalam 5 detik...
[2025-11-07 07:46:07] ⚠️  WARN: Server masih down, ulangi cek dalam 5 detik...
[2025-11-07 07:46:22] ⚠️  WARN: Server masih down, ulangi cek dalam 5 detik...
[2025-11-07 07:46:35] ⚠️  WARN: Server masih down, ulangi cek dalam 5 detik...
[2025-11-07 07:46:48] ⚠️  WARN: Server masih down, ulangi cek dalam 5 detik...
[2025-11-07 07:47:03] ⚠️  WARN: Server masih down, ulangi cek dalam 5 detik...
[2025-11-07 07:47:17] ⚠️  WARN: Server masih down, ulangi cek dalam 5 detik...
[2025-11-07 07:47:31] ⚠️  WARN: Server masih down, ulangi cek dalam 5 detik...
[2025-11-07 07:47:42] ⚠️  WARN: Server masih down, ulangi cek dalam 5 detik...
[2025-11-07 07:47:56] ⚠️  WARN: Server masih down, ulangi cek dalam 5 detik...
[2025-11-07 07:48:10] ⚠️  WARN: Server masih down, ulangi cek dalam 5 detik...
[2025-11-07 07:48:25] ⚠️  WARN: Server masih down, ulangi cek dalam 5 detik...
[2025-11-07 07:48:38] ⚠️  WARN: Server masih down, ulangi cek dalam 5 detik...
[2025-11-07 07:48:52] ⚠️  WARN: Server masih down, ulangi cek dalam 5 detik...
[2025-11-07 07:49:06] ⚠️  WARN: Server masih down, ulangi cek dalam 5 detik...
[2025-11-07 07:49:19] ⚠️  WARN: Server masih down, ulangi cek dalam 5 detik...
[2025-11-07 07:49:34] ⚠️  WARN: Server masih down, ulangi cek dalam 5 detik...
[2025-11-07 07:49:49] ⚠️  WARN: Server masih down, ulangi cek dalam 5 detik...
[2025-11-07 07:50:02] ⚠️  WARN: Server masih down, ulangi cek dalam 5 detik...
[2025-11-07 07:50:15] ⚠️  WARN: Server masih down, ulangi cek dalam 5 detik...
[2025-11-07 07:50:30] ⚠️  WARN: Server masih down, ulangi cek dalam 5 detik...
[2025-11-07 07:50:43] ⚠️  WARN: Server masih down, ulangi cek dalam 5 detik...
[2025-11-07 07:50:57] ⚠️  WARN: Server masih down, ulangi cek dalam 5 detik...
[2025-11-07 07:51:10] ⚠️  WARN: Server masih down, ulangi cek dalam 5 detik...
[2025-11-07 07:51:24] ⚠️  WARN: Server masih down, ulangi cek dalam 5 detik...
[2025-11-07 07:51:39] ⚠️  WARN: Server masih down, ulangi cek dalam 5 detik...
[2025-11-07 07:51:53] ⚠️  WARN: Server masih down, ulangi cek dalam 5 detik...
[2025-11-07 07:52:07] ⚠️  WARN: Server masih down, ulangi cek dalam 5 detik...
[2025-11-07 07:52:20] ⚠️  WARN: Server masih down, ulangi cek dalam 5 detik...
[2025-11-07 07:52:34] ⚠️  WARN: Server masih down, ulangi cek dalam 5 detik...
[2025-11-07 07:52:49] ⚠️  WARN: Server masih down, ulangi cek dalam 5 detik...
[2025-11-07 07:53:04] ⚠️  WARN: Server masih down, ulangi cek dalam 5 detik...
[2025-11-07 07:53:18] ⚠️  WARN: Server masih down, ulangi cek dalam 5 detik...
[2025-11-07 07:53:33] ⚠️  WARN: Server masih down, ulangi cek dalam 5 detik...
[2025-11-07 07:53:47] ⚠️  WARN: Server masih down, ulangi cek dalam 5 detik...
[2025-11-07 07:54:01] ⚠️  WARN: Server masih down, ulangi cek dalam 5 detik...
[2025-11-07 07:54:15] ⚠️  WARN: Server masih down, ulangi cek dalam 5 detik...
[2025-11-07 07:54:30] ⚠️  WARN: Server masih down, ulangi cek dalam 5 detik...
[2025-11-07 07:54:44] ⚠️  WARN: Server masih down, ulangi cek dalam 5 detik...
[2025-11-07 07:54:57] ⚠️  WARN: Server masih down, ulangi cek dalam 5 detik...
[2025-11-07 07:55:10] ⚠️  WARN: Server masih down, ulangi cek dalam 5 detik...
[2025-11-07 07:55:25] ⚠️  WARN: Server masih down, ulangi cek dalam 5 detik...
[2025-11-07 07:55:38] ⚠️  WARN: Server masih down, ulangi cek dalam 5 detik...
[2025-11-07 07:55:53] ⚠️  WARN: Server masih down, ulangi cek dalam 5 detik...
[2025-11-07 07:56:06] ⚠️  WARN: Server masih down, ulangi cek dalam 5 detik...
[2025-11-07 07:56:19] ⚠️  WARN: Server masih down, ulangi cek dalam 5 detik...
[2025-11-07 07:56:34] ⚠️  WARN: Server masih down, ulangi cek dalam 5 detik...
[2025-11-07 07:56:47] ⚠️  WARN: Server masih down, ulangi cek dalam 5 detik...
[2025-11-07 07:57:00] ⚠️  WARN: Server masih down, ulangi cek dalam 5 detik...
[2025-11-07 07:57:14] ⚠️  WARN: Server masih down, ulangi cek dalam 5 detik...
[2025-11-07 07:57:29] ⚠️  WARN: Server masih down, ulangi cek dalam 5 detik...
[2025-11-07 07:57:44] ⚠️  WARN: Server masih down, ulangi cek dalam 5 detik...
[2025-11-07 07:57:58] ⚠️  WARN: Server masih down, ulangi cek dalam 5 detik...
[2025-11-07 07:58:12] ⚠️  WARN: Server masih down, ulangi cek dalam 5 detik...
[2025-11-07 07:58:26] ⚠️  WARN: Server masih down, ulangi cek dalam 5 detik...
[2025-11-07 07:58:40] ⚠️  WARN: Server masih down, ulangi cek dalam 5 detik...
[2025-11-07 07:58:53] ⚠️  WARN: Server masih down, ulangi cek dalam 5 detik...
[2025-11-07 07:59:07] ⚠️  WARN: Server masih down, ulangi cek dalam 5 detik...
[2025-11-07 07:59:21] ⚠️  WARN: Server masih down, ulangi cek dalam 5 detik...
[2025-11-07 07:59:34] ⚠️  WARN: Server masih down, ulangi cek dalam 5 detik...
[2025-11-07 07:59:47] ⚠️  WARN: Server masih down, ulangi cek dalam 5 detik...
[2025-11-07 08:00:01] ⚠️  WARN: Server masih down, ulangi cek dalam 5 detik...
[2025-11-07 08:00:16] ⚠️  WARN: Server masih down, ulangi cek dalam 5 detik...
[2025-11-07 08:00:29] ⚠️  WARN: Server masih down, ulangi cek dalam 5 detik...
[2025-11-07 08:00:44] ⚠️  WARN: Server masih down, ulangi cek dalam 5 detik...
[2025-11-07 08:00:58] ⚠️  WARN: Server masih down, ulangi cek dalam 5 detik...
[2025-11-07 08:01:12] ⚠️  WARN: Server masih down, ulangi cek dalam 5 detik...
[2025-11-07 08:01:26] ⚠️  WARN: Server masih down, ulangi cek dalam 5 detik...
[2025-11-07 08:01:40] ⚠️  WARN: Server masih down, ulangi cek dalam 5 detik...
[2025-11-07 08:01:54] ⚠️  WARN: Server masih down, ulangi cek dalam 5 detik...
[2025-11-07 08:02:08] ⚠️  WARN: Server masih down, ulangi cek dalam 5 detik...
[2025-11-07 08:02:21] ⚠️  WARN: Server masih down, ulangi cek dalam 5 detik...
